<?xml version="1.0" encoding="UTF-8"?>
<!-- Generated by org.testng.reporters.JUnitXMLReporter -->
<testsuite ignored="0" hostname="SAM" failures="0" tests="4" name="Default test" time="5.963" errors="0" timestamp="2022-03-18T01:23:07 IST">
  <testcase classname="pageTests.MainTests" name="userRegistrationTest" time="1.388"/>
  <testcase classname="pageTests.MainTests" name="userRegistrationTest" time="1.326"/>
  <testcase classname="pageTests.MainTests" name="userRegistrationTest" time="1.299"/>
  <testcase classname="pageTests.MainTests" name="userRegistrationTest" time="1.352"/>
</testsuite> <!-- Default test -->
